<?xml version="1.0" encoding="UTF-8"?>
<!-- Generated by org.testng.reporters.JUnitReportReporter -->
<testsuite skipped="0" hostname="SARATH" name="org.login.Test2" tests="15" failures="0" timestamp="28 Jul 2021 12:47:32 GMT" time="0.122" errors="0">
  <testcase name="tc31" time="0.001" classname="org.login.Test2"/>
  <testcase name="tc31" time="0.006" classname="org.login.Test2"/>
  <testcase name="tc41" time="0.001" classname="org.login.Test2"/>
  <testcase name="tc11" time="0.002" classname="org.login.Test2"/>
  <testcase name="tc31" time="0.008" classname="org.login.Test2"/>
  <testcase name="tc41" time="0.011" classname="org.login.Test2"/>
  <testcase name="tc51" time="0.018" classname="org.login.Test2"/>
  <testcase name="tc51" time="0.013" classname="org.login.Test2"/>
  <testcase name="tc21" time="0.007" classname="org.login.Test2"/>
  <testcase name="tc41" time="0.007" classname="org.login.Test2"/>
  <testcase name="tc51" time="0.016" classname="org.login.Test2"/>
  <testcase name="tc11" time="0.003" classname="org.login.Test2"/>
  <testcase name="tc21" time="0.026" classname="org.login.Test2"/>
  <testcase name="tc21" time="0.001" classname="org.login.Test2"/>
  <testcase name="tc11" time="0.002" classname="org.login.Test2"/>
</testsuite> <!-- org.login.Test2 -->
