<?xml version="1.0" encoding="UTF-8"?>
<!-- Generated by org.testng.reporters.JUnitReportReporter -->
<testsuite skipped="0" hostname="SARATH" name="org.login.TestNg" tests="5" failures="0" timestamp="23 Jul 2021 06:04:51 GMT" time="0.064" errors="0">
  <testcase name="tc5" time="0.000" classname="org.login.TestNg"/>
  <testcase name="tc3" time="0.016" classname="org.login.TestNg"/>
  <testcase name="tc2" time="0.016" classname="org.login.TestNg"/>
  <testcase name="tc1" time="0.032" classname="org.login.TestNg"/>
  <testcase name="tc4" time="0.000" classname="org.login.TestNg"/>
</testsuite> <!-- org.login.TestNg -->
